#
# There is insufficient memory for the Java Runtime Environment to continue.
# Native memory allocation (mmap) failed to map 28311552 bytes for G1 virtual space
# Possible reasons:
#   The system is out of physical RAM or swap space
#   The process is running with CompressedOops enabled, and the Java Heap may be blocking the growth of the native heap
# Possible solutions:
#   Reduce memory load on the system
#   Increase physical memory or swap space
#   Check if swap backing store is full
#   Decrease Java heap size (-Xmx/-Xms)
#   Decrease number of Java threads
#   Decrease Java thread stack sizes (-Xss)
#   Set larger code cache with -XX:ReservedCodeCacheSize=
#   JVM is running with Unscaled Compressed Oops mode in which the Java heap is
#     placed in the first 4GB address space. The Java Heap base address is the
#     maximum limit for the native heap growth. Please use -XX:HeapBaseMinAddress
#     to set the Java Heap base and to place the Java Heap above 4GB virtual address.
# This output file may be truncated or incomplete.
#
#  Out of Memory Error (os_windows.cpp:3527), pid=10512, tid=9404
#
# JRE version: OpenJDK Runtime Environment (19.0+36) (build 19+36-2238)
# Java VM: OpenJDK 64-Bit Server VM (19+36-2238, mixed mode, sharing, tiered, compressed oops, compressed class ptrs, g1 gc, windows-amd64)
# No core dump will be written. Minidumps are not enabled by default on client versions of Windows
#

---------------  S U M M A R Y ------------

Command Line: -agentlib:jdwp=transport=dt_socket,address=127.0.0.1:63126,suspend=y,server=n -ea -Dallure.results.directory=target/allure-results -javaagent:C:\Users\Max\.m2\repository/org/aspectj/aspectjweaver/1.9.9.1/aspectjweaver-1.9.9.1.jar -Didea.test.cyclic.buffer.size=1048576 -javaagent:C:\Users\Max\AppData\Local\JetBrains\IdeaIC2022.2\captureAgent\debugger-agent.jar=file:/C:/Users/Max/AppData/Local/Temp/capture.props -Dfile.encoding=UTF-8 -Dsun.stdout.encoding=UTF-8 -Dsun.stderr.encoding=UTF-8 com.intellij.rt.junit.JUnitStarter -ideVersion5 -junit5 tests.autologin

Host: AMD Ryzen 3 4300U with Radeon Graphics         , 4 cores, 3G,  Windows 10 , 64 bit Build 19041 (10.0.19041.1889)
Time: Sat Oct 22 13:02:06 2022 RTZ 2 (s 10 , 64 bit Build 19041 (10.0.19041.1889) elapsed time: 9.690224 seconds (0d 0h 0m 9s)

---------------  T H R E A D  ---------------

Current thread (0x000002737755c5e0):  VMThread "VM Thread" [stack: 0x000000f0eee00000,0x000000f0eef00000] [id=9404]

Stack: [0x000000f0eee00000,0x000000f0eef00000]
Native frames: (J=compiled Java code, j=interpreted, Vv=VM code, C=native code)
V  [jvm.dll+0x6ee8fa]
V  [jvm.dll+0x857a1e]
V  [jvm.dll+0x85940e]
V  [jvm.dll+0x859ac3]
V  [jvm.dll+0x28291f]
V  [jvm.dll+0x6eb6e9]
V  [jvm.dll+0x6e028a]
V  [jvm.dll+0x357136]
V  [jvm.dll+0x35eb96]
V  [jvm.dll+0x3b555e]
V  [jvm.dll+0x3b578f]
V  [jvm.dll+0x32c6ea]
V  [jvm.dll+0x32c797]
V  [jvm.dll+0x374b52]
V  [jvm.dll+0x37328f]
V  [jvm.dll+0x32bf10]
V  [jvm.dll+0x37282b]
V  [jvm.dll+0x85ef83]
V  [jvm.dll+0x85fd49]
V  [jvm.dll+0x86027d]
V  [jvm.dll+0x86070b]
V  [jvm.dll+0x8607c7]
V  [jvm.dll+0x8015fa]
V  [jvm.dll+0x6ed5eb]
C  [ucrtbase.dll+0x21bb2]
C  [KERNEL32.DLL+0x17034]
C  [ntdll.dll+0x526a1]

VM_Operation (0x000000f0ee8f4cc0): G1CollectForAllocation, mode: safepoint, requested by thread 0x000002736b24d350


---------------  P R O C E S S  ---------------

Threads class SMR info:
_java_thread_list=0x000002737c12ce80, length=15, elements={
0x000002736b24d350, 0x0000027377573e60, 0x0000027377574c50, 0x0000027377579930,
0x000002737757b270, 0x000002737757bba0, 0x000002737757c4d0, 0x000002737757d130,
0x000002737757fab0, 0x00000273775ee540, 0x000002737b96bb60, 0x000002737b9dd670,
0x000002737b9c1ad0, 0x000002737b9c2020, 0x000002737c0f6ae0
}

Java Threads: ( => current thread )
  0x000002736b24d350 JavaThread "main" [_thread_blocked, id=672, stack(0x000000f0ee800000,0x000000f0ee900000)]
  0x0000027377573e60 JavaThread "Reference Handler" daemon [_thread_blocked, id=9576, stack(0x000000f0eef00000,0x000000f0ef000000)]
  0x0000027377574c50 JavaThread "Finalizer" daemon [_thread_blocked, id=9416, stack(0x000000f0ef000000,0x000000f0ef100000)]
  0x0000027377579930 JavaThread "Signal Dispatcher" daemon [_thread_blocked, id=9572, stack(0x000000f0ef100000,0x000000f0ef200000)]
  0x000002737757b270 JavaThread "Attach Listener" daemon [_thread_blocked, id=9384, stack(0x000000f0ef200000,0x000000f0ef300000)]
  0x000002737757bba0 JavaThread "Service Thread" daemon [_thread_blocked, id=8540, stack(0x000000f0ef300000,0x000000f0ef400000)]
  0x000002737757c4d0 JavaThread "Monitor Deflation Thread" daemon [_thread_blocked, id=7748, stack(0x000000f0ef400000,0x000000f0ef500000)]
  0x000002737757d130 JavaThread "C2 CompilerThread0" daemon [_thread_blocked, id=8980, stack(0x000000f0ef500000,0x000000f0ef600000)]
  0x000002737757fab0 JavaThread "C1 CompilerThread0" daemon [_thread_blocked, id=9392, stack(0x000000f0ef600000,0x000000f0ef700000)]
  0x00000273775ee540 JavaThread "Sweeper thread" daemon [_thread_blocked, id=9396, stack(0x000000f0ef700000,0x000000f0ef800000)]
  0x000002737b96bb60 JavaThread "Common-Cleaner" daemon [_thread_blocked, id=7232, stack(0x000000f0ef800000,0x000000f0ef900000)]
  0x000002737b9dd670 JavaThread "JDWP Transport Listener: dt_socket" daemon [_thread_blocked, id=11096, stack(0x000000f0ef900000,0x000000f0efa00000)]
  0x000002737b9c1ad0 JavaThread "JDWP Event Helper Thread" daemon [_thread_blocked, id=4424, stack(0x000000f0efa00000,0x000000f0efb00000)]
  0x000002737b9c2020 JavaThread "JDWP Command Reader" daemon [_thread_in_native, id=10108, stack(0x000000f0efb00000,0x000000f0efc00000)]
  0x000002737c0f6ae0 JavaThread "Notification Thread" daemon [_thread_blocked, id=3640, stack(0x000000f0efc00000,0x000000f0efd00000)]

Other Threads:
=>0x000002737755c5e0 VMThread "VM Thread" [stack: 0x000000f0eee00000,0x000000f0eef00000] [id=9404]
  0x000002736b24e370 WatcherThread "VM Periodic Task Thread" [stack: 0x000000f0efd00000,0x000000f0efe00000] [id=3520]
  0x000002736b28aa70 WorkerThread "GC Thread#0" [stack: 0x000000f0ee900000,0x000000f0eea00000] [id=8416]
  0x000002737c2f0940 WorkerThread "GC Thread#1" [stack: 0x000000f0efe00000,0x000000f0eff00000] [id=10564]
  0x000002737ba420b0 WorkerThread "GC Thread#2" [stack: 0x000000f0eff00000,0x000000f0f0000000] [id=7072]
  0x000002737c314900 WorkerThread "GC Thread#3" [stack: 0x000000f0f0000000,0x000000f0f0100000] [id=3608]
  0x000002736b2934b0 ConcurrentGCThread "G1 Main Marker" [stack: 0x000000f0eea00000,0x000000f0eeb00000] [id=7976]
  0x000002736b293df0 WorkerThread "G1 Conc#0" [stack: 0x000000f0eeb00000,0x000000f0eec00000] [id=2684]
  0x000002736b2d50a0 ConcurrentGCThread "G1 Refine#0" [stack: 0x000000f0eec00000,0x000000f0eed00000] [id=11184]
  0x000002736b2d5af0 ConcurrentGCThread "G1 Service" [stack: 0x000000f0eed00000,0x000000f0eee00000] [id=10552]

Threads with active compile tasks:
C2 CompilerThread0     9725 2674       4       org.aspectj.apache.bcel.classfile.Attribute::readAttribute (568 bytes)

VM state: at safepoint (normal execution)

VM Mutex/Monitor currently owned by a thread:  ([mutex/lock_event])
[0x000002736b24a1f0] Threads_lock - owner thread: 0x000002737755c5e0
[0x000002736b24a9d0] Heap_lock - owner thread: 0x000002736b24d350

Heap address: 0x00000000ca200000, size: 862 MB, Compressed Oops mode: 32-bit

CDS archive(s) mapped at: [0x0000000800000000-0x0000000800c40000-0x0000000800c40000), size 12845056, SharedBaseAddress: 0x0000000800000000, ArchiveRelocationMode: 0.
Compressed class space mapped at: 0x0000000801000000-0x0000000841000000, reserved size: 1073741824
Narrow klass base: 0x0000000800000000, Narrow klass shift: 0, Narrow klass range: 0x100000000

GC Precious Log:
 CardTable entry size: 512
 Card Set container configuration: InlinePtr #cards 5 size 8 Array Of Cards #cards 12 size 40 Howl #buckets 4 coarsen threshold 1843 Howl Bitmap #cards 512 size 80 coarsen threshold 460 Card regions per heap region 1 cards per card region 2048
 CPUs: 4 total, 4 available
 Memory: 3447M
 Large Page Support: Disabled
 NUMA Support: Disabled
 Compressed Oops: Enabled (32-bit)
 Heap Region Size: 1M
 Heap Min Capacity: 8M
 Heap Initial Capacity: 54M
 Heap Max Capacity: 862M
 Pre-touch: Disabled
 Parallel Workers: 4
 Concurrent Workers: 1
 Concurrent Refinement Workers: 4
 Periodic GC: Disabled

Heap:
 garbage-first heap   total 55296K, used 30098K [0x00000000ca200000, 0x0000000100000000)
  region size 1024K, 2 young (2048K), 2 survivors (2048K)
 Metaspace       used 15967K, committed 16128K, reserved 1114112K
  class space    used 1525K, committed 1600K, reserved 1048576K

Heap Regions: E=young(eden), S=young(survivor), O=old, HS=humongous(starts), HC=humongous(continues), CS=collection set, F=free, OA=open archive, CA=closed archive, TAMS=top-at-mark-start (previous, next)
|   0|0x00000000ca200000, 0x00000000ca300000, 0x00000000ca300000|100%| O|  |TAMS 0x00000000ca300000, 0x00000000ca300000| Untracked 
|   1|0x00000000ca300000, 0x00000000ca400000, 0x00000000ca400000|100%| O|  |TAMS 0x00000000ca400000, 0x00000000ca400000| Untracked 
|   2|0x00000000ca400000, 0x00000000ca500000, 0x00000000ca500000|100%| O|  |TAMS 0x00000000ca500000, 0x00000000ca500000| Untracked 
|   3|0x00000000ca500000, 0x00000000ca600000, 0x00000000ca600000|100%| O|  |TAMS 0x00000000ca600000, 0x00000000ca600000| Untracked 
|   4|0x00000000ca600000, 0x00000000ca700000, 0x00000000ca700000|100%| O|  |TAMS 0x00000000ca700000, 0x00000000ca700000| Untracked 
|   5|0x00000000ca700000, 0x00000000ca800000, 0x00000000ca800000|100%| O|  |TAMS 0x00000000ca800000, 0x00000000ca800000| Untracked 
|   6|0x00000000ca800000, 0x00000000ca900000, 0x00000000ca900000|100%| O|  |TAMS 0x00000000ca900000, 0x00000000ca900000| Untracked 
|   7|0x00000000ca900000, 0x00000000caa00000, 0x00000000caa00000|100%| O|  |TAMS 0x00000000caa00000, 0x00000000caa00000| Untracked 
|   8|0x00000000caa00000, 0x00000000cab00000, 0x00000000cab00000|100%| O|  |TAMS 0x00000000cab00000, 0x00000000cab00000| Untracked 
|   9|0x00000000cab00000, 0x00000000cac00000, 0x00000000cac00000|100%| O|  |TAMS 0x00000000cac00000, 0x00000000cac00000| Untracked 
|  10|0x00000000cac00000, 0x00000000cad00000, 0x00000000cad00000|100%| O|  |TAMS 0x00000000cad00000, 0x00000000cad00000| Untracked 
|  11|0x00000000cad00000, 0x00000000cae00000, 0x00000000cae00000|100%| O|  |TAMS 0x00000000cae00000, 0x00000000cae00000| Untracked 
|  12|0x00000000cae00000, 0x00000000cae00000, 0x00000000caf00000|  0%| F|  |TAMS 0x00000000cae00000, 0x00000000cae00000| Untracked 
|  13|0x00000000caf00000, 0x00000000cb000000, 0x00000000cb000000|100%| O|  |TAMS 0x00000000cb000000, 0x00000000cb000000| Untracked 
|  14|0x00000000cb000000, 0x00000000cb100000, 0x00000000cb100000|100%| O|  |TAMS 0x00000000cb100000, 0x00000000cb100000| Untracked 
|  15|0x00000000cb100000, 0x00000000cb200000, 0x00000000cb200000|100%| O|  |TAMS 0x00000000cb200000, 0x00000000cb200000| Untracked 
|  16|0x00000000cb200000, 0x00000000cb300000, 0x00000000cb300000|100%| O|  |TAMS 0x00000000cb300000, 0x00000000cb300000| Untracked 
|  17|0x00000000cb300000, 0x00000000cb300000, 0x00000000cb400000|  0%| F|  |TAMS 0x00000000cb300000, 0x00000000cb300000| Untracked 
|  18|0x00000000cb400000, 0x00000000cb500000, 0x00000000cb500000|100%| O|  |TAMS 0x00000000cb500000, 0x00000000cb500000| Untracked 
|  19|0x00000000cb500000, 0x00000000cb600000, 0x00000000cb600000|100%| O|  |TAMS 0x00000000cb600000, 0x00000000cb600000| Untracked 
|  20|0x00000000cb600000, 0x00000000cb700000, 0x00000000cb700000|100%| O|  |TAMS 0x00000000cb700000, 0x00000000cb700000| Untracked 
|  21|0x00000000cb700000, 0x00000000cb800000, 0x00000000cb800000|100%| O|  |TAMS 0x00000000cb800000, 0x00000000cb800000| Untracked 
|  22|0x00000000cb800000, 0x00000000cb900000, 0x00000000cb900000|100%| O|  |TAMS 0x00000000cb900000, 0x00000000cb900000| Untracked 
|  23|0x00000000cb900000, 0x00000000cba00000, 0x00000000cba00000|100%| O|  |TAMS 0x00000000cba00000, 0x00000000cba00000| Untracked 
|  24|0x00000000cba00000, 0x00000000cbb00000, 0x00000000cbb00000|100%| O|  |TAMS 0x00000000cbb00000, 0x00000000cbb00000| Untracked 
|  25|0x00000000cbb00000, 0x00000000cbc00000, 0x00000000cbc00000|100%| O|  |TAMS 0x00000000cbb00000, 0x00000000cbc00000| Untracked 
|  26|0x00000000cbc00000, 0x00000000cbd00000, 0x00000000cbd00000|100%| O|  |TAMS 0x00000000cbc00000, 0x00000000cbd00000| Untracked 
|  27|0x00000000cbd00000, 0x00000000cbe00000, 0x00000000cbe00000|100%| O|  |TAMS 0x00000000cbd00000, 0x00000000cbe00000| Untracked 
|  28|0x00000000cbe00000, 0x00000000cbf00000, 0x00000000cbf00000|100%| O|  |TAMS 0x00000000cbe00000, 0x00000000cbf00000| Untracked 
|  29|0x00000000cbf00000, 0x00000000cbf92200, 0x00000000cc000000| 57%| O|  |TAMS 0x00000000cbf00000, 0x00000000cbf92200| Untracked 
|  30|0x00000000cc000000, 0x00000000cc000000, 0x00000000cc100000|  0%| F|  |TAMS 0x00000000cc000000, 0x00000000cc000000| Untracked 
|  31|0x00000000cc100000, 0x00000000cc100000, 0x00000000cc200000|  0%| F|  |TAMS 0x00000000cc100000, 0x00000000cc100000| Untracked 
|  32|0x00000000cc200000, 0x00000000cc200000, 0x00000000cc300000|  0%| F|  |TAMS 0x00000000cc200000, 0x00000000cc200000| Untracked 
|  33|0x00000000cc300000, 0x00000000cc300000, 0x00000000cc400000|  0%| F|  |TAMS 0x00000000cc300000, 0x00000000cc300000| Untracked 
|  34|0x00000000cc400000, 0x00000000cc400000, 0x00000000cc500000|  0%| F|  |TAMS 0x00000000cc400000, 0x00000000cc400000| Untracked 
|  35|0x00000000cc500000, 0x00000000cc500000, 0x00000000cc600000|  0%| F|  |TAMS 0x00000000cc500000, 0x00000000cc500000| Untracked 
|  36|0x00000000cc600000, 0x00000000cc600000, 0x00000000cc700000|  0%| F|  |TAMS 0x00000000cc600000, 0x00000000cc600000| Untracked 
|  37|0x00000000cc700000, 0x00000000cc700000, 0x00000000cc800000|  0%| F|  |TAMS 0x00000000cc700000, 0x00000000cc700000| Untracked 
|  38|0x00000000cc800000, 0x00000000cc8d2690, 0x00000000cc900000| 82%| S|CS|TAMS 0x00000000cc800000, 0x00000000cc800000| Complete 
|  39|0x00000000cc900000, 0x00000000cca00000, 0x00000000cca00000|100%| S|CS|TAMS 0x00000000cc900000, 0x00000000cc900000| Complete 
|  40|0x00000000cca00000, 0x00000000cca00000, 0x00000000ccb00000|  0%| F|  |TAMS 0x00000000cca00000, 0x00000000cca00000| Untracked 
|  41|0x00000000ccb00000, 0x00000000ccb00000, 0x00000000ccc00000|  0%| F|  |TAMS 0x00000000ccb00000, 0x00000000ccb00000| Untracked 
|  42|0x00000000ccc00000, 0x00000000ccc00000, 0x00000000ccd00000|  0%| F|  |TAMS 0x00000000ccc00000, 0x00000000ccc00000| Untracked 
|  43|0x00000000ccd00000, 0x00000000ccd00000, 0x00000000cce00000|  0%| F|  |TAMS 0x00000000ccd00000, 0x00000000ccd00000| Untracked 
|  44|0x00000000cce00000, 0x00000000cce00000, 0x00000000ccf00000|  0%| F|  |TAMS 0x00000000cce00000, 0x00000000cce00000| Untracked 
|  45|0x00000000ccf00000, 0x00000000ccf00000, 0x00000000cd000000|  0%| F|  |TAMS 0x00000000ccf00000, 0x00000000ccf00000| Untracked 
|  46|0x00000000cd000000, 0x00000000cd000000, 0x00000000cd100000|  0%| F|  |TAMS 0x00000000cd000000, 0x00000000cd000000| Untracked 
|  47|0x00000000cd100000, 0x00000000cd100000, 0x00000000cd200000|  0%| F|  |TAMS 0x00000000cd100000, 0x00000000cd100000| Untracked 
|  48|0x00000000cd200000, 0x00000000cd200000, 0x00000000cd300000|  0%| F|  |TAMS 0x00000000cd200000, 0x00000000cd200000| Untracked 
|  49|0x00000000cd300000, 0x00000000cd300000, 0x00000000cd400000|  0%| F|  |TAMS 0x00000000cd300000, 0x00000000cd300000| Untracked 
|  50|0x00000000cd400000, 0x00000000cd400000, 0x00000000cd500000|  0%| F|  |TAMS 0x00000000cd400000, 0x00000000cd400000| Untracked 
|  51|0x00000000cd500000, 0x00000000cd500000, 0x00000000cd600000|  0%| F|  |TAMS 0x00000000cd500000, 0x00000000cd500000| Untracked 
|  52|0x00000000cd600000, 0x00000000cd600000, 0x00000000cd700000|  0%| F|  |TAMS 0x00000000cd600000, 0x00000000cd600000| Untracked 
|  53|0x00000000cd700000, 0x00000000cd700000, 0x00000000cd800000|  0%| F|  |TAMS 0x00000000cd700000, 0x00000000cd700000| Untracked 

Card table byte_map: [0x0000027373170000,0x0000027373320000] _byte_map_base: 0x0000027372b1f000

Marking Bits (Prev, Next): (CMBitMap*) 0x000002736b28c000, (CMBitMap*) 0x000002736b28bfc0
 Prev Bits: [0x0000027374250000, 0x0000027374fc8000)
 Next Bits: [0x00000273734d0000, 0x0000027374248000)

Polling page: 0x00000273691c0000

Metaspace:

Usage:
  Non-class:     14.10 MB used.
      Class:      1.49 MB used.
       Both:     15.59 MB used.

Virtual space:
  Non-class space:       64.00 MB reserved,      14.19 MB ( 22%) committed,  1 nodes.
      Class space:        1.00 GB reserved,       1.56 MB ( <1%) committed,  1 nodes.
             Both:        1.06 GB reserved,      15.75 MB (  1%) committed. 

Chunk freelists:
   Non-Class:  928.00 KB
       Class:  2.33 MB
        Both:  3.23 MB

MaxMetaspaceSize: unlimited
CompressedClassSpaceSize: 1.00 GB
Initial GC threshold: 21.00 MB
Current GC threshold: 22.31 MB
CDS: on
MetaspaceReclaimPolicy: balanced
 - commit_granule_bytes: 65536.
 - commit_granule_words: 8192.
 - virtual_space_node_default_size: 8388608.
 - enlarge_chunks_in_place: 1.
 - new_chunks_are_fully_committed: 0.
 - uncommit_free_chunks: 1.
 - use_allocation_guard: 0.


Internal statistics:

num_allocs_failed_limit: 0.
num_arena_births: 138.
num_arena_deaths: 0.
num_vsnodes_births: 2.
num_vsnodes_deaths: 0.
num_space_committed: 252.
num_space_uncommitted: 0.
num_chunks_returned_to_freelist: 0.
num_chunks_taken_from_freelist: 556.
num_chunk_merges: 0.
num_chunk_splits: 403.
num_chunks_enlarged: 343.
num_inconsistent_stats: 0.

CodeHeap 'non-profiled nmethods': size=120000Kb used=1843Kb max_used=1843Kb free=118156Kb
 bounds [0x0000027307ad0000, 0x0000027307d40000, 0x000002730f000000]
CodeHeap 'profiled nmethods': size=120000Kb used=6586Kb max_used=6586Kb free=113413Kb
 bounds [0x0000027300000000, 0x0000027300670000, 0x0000027307530000]
CodeHeap 'non-nmethods': size=5760Kb used=1331Kb max_used=1393Kb free=4429Kb
 bounds [0x0000027307530000, 0x00000273077a0000, 0x0000027307ad0000]
 total_blobs=3152 nmethods=2670 adapters=392
 compilation: enabled
              stopped_count=0, restarted_count=0
 full_count=0

Compilation events (20 events):
Event: 9.590 Thread 0x000002737757fab0 nmethod 2662 0x000002730066a590 code [0x000002730066a740, 0x000002730066a988]
Event: 9.598 Thread 0x000002737757fab0 2663       3       java.io.WinNTFileSystem::normalize (143 bytes)
Event: 9.598 Thread 0x000002737757fab0 nmethod 2663 0x000002730066aa90 code [0x000002730066ad20, 0x000002730066b8d8]
Event: 9.619 Thread 0x000002737757d130 2664       4       java.lang.String::equals (56 bytes)
Event: 9.620 Thread 0x000002737757d130 nmethod 2664 0x0000027307c9a210 code [0x0000027307c9a3a0, 0x0000027307c9a558]
Event: 9.633 Thread 0x000002737757fab0 2665       3       org.aspectj.weaver.bcel.BcelGenericSignatureToTypeXConverter::fieldTypeSignature2TypeX (122 bytes)
Event: 9.633 Thread 0x000002737757fab0 nmethod 2665 0x000002730066bd10 code [0x000002730066c040, 0x000002730066d4f8]
Event: 9.646 Thread 0x000002737757fab0 2667       3       jdk.internal.misc.Unsafe::checkOffset (32 bytes)
Event: 9.646 Thread 0x000002737757fab0 nmethod 2667 0x000002730066db90 code [0x000002730066dd60, 0x000002730066e008]
Event: 9.646 Thread 0x000002737757fab0 2668       3       jdk.internal.misc.Unsafe::checkNativeAddress (28 bytes)
Event: 9.646 Thread 0x000002737757fab0 nmethod 2668 0x000002730066e110 code [0x000002730066e2a0, 0x000002730066e3b8]
Event: 9.651 Thread 0x000002737757fab0 2669       3       java.nio.MappedByteBuffer::position (6 bytes)
Event: 9.651 Thread 0x000002737757fab0 nmethod 2669 0x000002730066e490 code [0x000002730066e640, 0x000002730066e848]
Event: 9.654 Thread 0x000002737757d130 2670       4       java.net.URLStreamHandler::setURL (73 bytes)
Event: 9.666 Thread 0x000002737757d130 nmethod 2670 0x0000027307c9a910 code [0x0000027307c9aac0, 0x0000027307c9b6c8]
Event: 9.667 Thread 0x000002737757d130 2671   !   4       java.net.URL::set (114 bytes)
Event: 9.672 Thread 0x000002737757d130 nmethod 2671 0x0000027307c9bc10 code [0x0000027307c9bda0, 0x0000027307c9c678]
Event: 9.672 Thread 0x000002737757d130 2673       4       org.aspectj.apache.bcel.generic.InstructionList::findHandle (15 bytes)
Event: 9.674 Thread 0x000002737757d130 nmethod 2673 0x0000027307c9c790 code [0x0000027307c9c920, 0x0000027307c9cb78]
Event: 9.674 Thread 0x000002737757d130 2674       4       org.aspectj.apache.bcel.classfile.Attribute::readAttribute (568 bytes)

GC Heap History (20 events):
Event: 3.403 GC heap after
{Heap after GC invocations=2 (full 0):
 garbage-first heap   total 55296K, used 6055K [0x00000000ca200000, 0x0000000100000000)
  region size 1024K, 1 young (1024K), 1 survivors (1024K)
 Metaspace       used 6041K, committed 6144K, reserved 1114112K
  class space    used 533K, committed 576K, reserved 1048576K
}
Event: 4.132 GC heap before
{Heap before GC invocations=2 (full 0):
 garbage-first heap   total 55296K, used 25511K [0x00000000ca200000, 0x0000000100000000)
  region size 1024K, 20 young (20480K), 1 survivors (1024K)
 Metaspace       used 7571K, committed 7680K, reserved 1114112K
  class space    used 642K, committed 704K, reserved 1048576K
}
Event: 4.139 GC heap after
{Heap after GC invocations=3 (full 0):
 garbage-first heap   total 55296K, used 10736K [0x00000000ca200000, 0x0000000100000000)
  region size 1024K, 3 young (3072K), 3 survivors (3072K)
 Metaspace       used 7571K, committed 7680K, reserved 1114112K
  class space    used 642K, committed 704K, reserved 1048576K
}
Event: 4.480 GC heap before
{Heap before GC invocations=3 (full 0):
 garbage-first heap   total 55296K, used 28144K [0x00000000ca200000, 0x0000000100000000)
  region size 1024K, 21 young (21504K), 3 survivors (3072K)
 Metaspace       used 8244K, committed 8448K, reserved 1114112K
  class space    used 670K, committed 768K, reserved 1048576K
}
Event: 4.491 GC heap after
{Heap after GC invocations=4 (full 0):
 garbage-first heap   total 55296K, used 17125K [0x00000000ca200000, 0x0000000100000000)
  region size 1024K, 3 young (3072K), 3 survivors (3072K)
 Metaspace       used 8244K, committed 8448K, reserved 1114112K
  class space    used 670K, committed 768K, reserved 1048576K
}
Event: 5.023 GC heap before
{Heap before GC invocations=4 (full 0):
 garbage-first heap   total 55296K, used 33509K [0x00000000ca200000, 0x0000000100000000)
  region size 1024K, 19 young (19456K), 3 survivors (3072K)
 Metaspace       used 9642K, committed 9856K, reserved 1114112K
  class space    used 786K, committed 896K, reserved 1048576K
}
Event: 5.030 GC heap after
{Heap after GC invocations=5 (full 0):
 garbage-first heap   total 55296K, used 21500K [0x00000000ca200000, 0x0000000100000000)
  region size 1024K, 3 young (3072K), 3 survivors (3072K)
 Metaspace       used 9642K, committed 9856K, reserved 1114112K
  class space    used 786K, committed 896K, reserved 1048576K
}
Event: 5.587 GC heap before
{Heap before GC invocations=5 (full 0):
 garbage-first heap   total 55296K, used 35836K [0x00000000ca200000, 0x0000000100000000)
  region size 1024K, 17 young (17408K), 3 survivors (3072K)
 Metaspace       used 11059K, committed 11200K, reserved 1114112K
  class space    used 885K, committed 960K, reserved 1048576K
}
Event: 5.593 GC heap after
{Heap after GC invocations=6 (full 0):
 garbage-first heap   total 55296K, used 23952K [0x00000000ca200000, 0x0000000100000000)
  region size 1024K, 2 young (2048K), 2 survivors (2048K)
 Metaspace       used 11059K, committed 11200K, reserved 1114112K
  class space    used 885K, committed 960K, reserved 1048576K
}
Event: 5.988 GC heap before
{Heap before GC invocations=6 (full 0):
 garbage-first heap   total 55296K, used 37264K [0x00000000ca200000, 0x0000000100000000)
  region size 1024K, 15 young (15360K), 2 survivors (2048K)
 Metaspace       used 11714K, committed 11840K, reserved 1114112K
  class space    used 969K, committed 1024K, reserved 1048576K
}
Event: 5.992 GC heap after
{Heap after GC invocations=7 (full 0):
 garbage-first heap   total 55296K, used 25658K [0x00000000ca200000, 0x0000000100000000)
  region size 1024K, 2 young (2048K), 2 survivors (2048K)
 Metaspace       used 11714K, committed 11840K, reserved 1114112K
  class space    used 969K, committed 1024K, reserved 1048576K
}
Event: 6.432 GC heap before
{Heap before GC invocations=7 (full 0):
 garbage-first heap   total 55296K, used 38970K [0x00000000ca200000, 0x0000000100000000)
  region size 1024K, 15 young (15360K), 2 survivors (2048K)
 Metaspace       used 12440K, committed 12608K, reserved 1114112K
  class space    used 1039K, committed 1088K, reserved 1048576K
}
Event: 6.435 GC heap after
{Heap after GC invocations=8 (full 0):
 garbage-first heap   total 55296K, used 27059K [0x00000000ca200000, 0x0000000100000000)
  region size 1024K, 2 young (2048K), 2 survivors (2048K)
 Metaspace       used 12440K, committed 12608K, reserved 1114112K
  class space    used 1039K, committed 1088K, reserved 1048576K
}
Event: 7.519 GC heap before
{Heap before GC invocations=8 (full 0):
 garbage-first heap   total 55296K, used 40371K [0x00000000ca200000, 0x0000000100000000)
  region size 1024K, 15 young (15360K), 2 survivors (2048K)
 Metaspace       used 13430K, committed 13568K, reserved 1114112K
  class space    used 1169K, committed 1216K, reserved 1048576K
}
Event: 7.523 GC heap after
{Heap after GC invocations=9 (full 0):
 garbage-first heap   total 55296K, used 28600K [0x00000000ca200000, 0x0000000100000000)
  region size 1024K, 2 young (2048K), 2 survivors (2048K)
 Metaspace       used 13430K, committed 13568K, reserved 1114112K
  class space    used 1169K, committed 1216K, reserved 1048576K
}
Event: 8.386 GC heap before
{Heap before GC invocations=10 (full 0):
 garbage-first heap   total 55296K, used 40888K [0x00000000ca200000, 0x0000000100000000)
  region size 1024K, 14 young (14336K), 2 survivors (2048K)
 Metaspace       used 14267K, committed 14464K, reserved 1114112K
  class space    used 1311K, committed 1408K, reserved 1048576K
}
Event: 8.390 GC heap after
{Heap after GC invocations=11 (full 0):
 garbage-first heap   total 55296K, used 29726K [0x00000000ca200000, 0x0000000100000000)
  region size 1024K, 2 young (2048K), 2 survivors (2048K)
 Metaspace       used 14267K, committed 14464K, reserved 1114112K
  class space    used 1311K, committed 1408K, reserved 1048576K
}
Event: 8.409 GC heap before
{Heap before GC invocations=11 (full 0):
 garbage-first heap   total 55296K, used 30750K [0x00000000ca200000, 0x0000000100000000)
  region size 1024K, 3 young (3072K), 2 survivors (2048K)
 Metaspace       used 14347K, committed 14528K, reserved 1114112K
  class space    used 1322K, committed 1408K, reserved 1048576K
}
Event: 8.412 GC heap after
{Heap after GC invocations=12 (full 0):
 garbage-first heap   total 55296K, used 28581K [0x00000000ca200000, 0x0000000100000000)
  region size 1024K, 1 young (1024K), 1 survivors (1024K)
 Metaspace       used 14347K, committed 14528K, reserved 1114112K
  class space    used 1322K, committed 1408K, reserved 1048576K
}
Event: 9.683 GC heap before
{Heap before GC invocations=12 (full 0):
 garbage-first heap   total 55296K, used 41893K [0x00000000ca200000, 0x0000000100000000)
  region size 1024K, 14 young (14336K), 1 survivors (1024K)
 Metaspace       used 15967K, committed 16128K, reserved 1114112K
  class space    used 1525K, committed 1600K, reserved 1048576K
}

Dll operation events (8 events):
Event: 0.024 Loaded shared library C:\Users\Max\.jdks\openjdk-19\bin\java.dll
Event: 0.026 Loaded shared library C:\Users\Max\.jdks\openjdk-19\bin\zip.dll
Event: 0.106 Loaded shared library C:\Users\Max\.jdks\openjdk-19\bin\jsvml.dll
Event: 1.794 Loaded shared library C:\Users\Max\.jdks\openjdk-19\bin\instrument.dll
Event: 1.812 Loaded shared library C:\Users\Max\.jdks\openjdk-19\bin\net.dll
Event: 1.814 Loaded shared library C:\Users\Max\.jdks\openjdk-19\bin\nio.dll
Event: 1.826 Loaded shared library C:\Users\Max\.jdks\openjdk-19\bin\zip.dll
Event: 2.399 Loaded shared library C:\Users\Max\.jdks\openjdk-19\bin\jimage.dll

Deoptimization events (20 events):
Event: 9.538 Thread 0x000002736b24d350 Uncommon trap: trap_request=0xffffff45 fr.pc=0x0000027307addf24 relative=0x0000000000000184
Event: 9.538 Thread 0x000002736b24d350 Uncommon trap: reason=unstable_if action=reinterpret pc=0x0000027307addf24 method=java.lang.String.equals(Ljava/lang/Object;)Z @ 33 c2
Event: 9.538 Thread 0x000002736b24d350 DEOPT PACKING pc=0x0000027307addf24 sp=0x000000f0ee8fcc40
Event: 9.538 Thread 0x000002736b24d350 DEOPT UNPACKING pc=0x0000027307596da3 sp=0x000000f0ee8fcbd0 mode 2
Event: 9.538 Thread 0x000002736b24d350 Uncommon trap: trap_request=0xffffff45 fr.pc=0x0000027307b03da0 relative=0x00000000000003e0
Event: 9.538 Thread 0x000002736b24d350 Uncommon trap: reason=unstable_if action=reinterpret pc=0x0000027307b03da0 method=java.lang.AbstractStringBuilder.inflateIfNeededFor(Ljava/lang/String;)V @ 14 c2
Event: 9.538 Thread 0x000002736b24d350 DEOPT PACKING pc=0x0000027307b03da0 sp=0x000000f0ee8fcb20
Event: 9.538 Thread 0x000002736b24d350 DEOPT UNPACKING pc=0x0000027307596da3 sp=0x000000f0ee8fca28 mode 2
Event: 9.538 Thread 0x000002736b24d350 Uncommon trap: trap_request=0xffffff45 fr.pc=0x0000027307b1167c relative=0x00000000000002dc
Event: 9.538 Thread 0x000002736b24d350 Uncommon trap: reason=unstable_if action=reinterpret pc=0x0000027307b1167c method=java.lang.AbstractStringBuilder.isLatin1()Z @ 10 c2
Event: 9.538 Thread 0x000002736b24d350 DEOPT PACKING pc=0x0000027307b1167c sp=0x000000f0ee8fcb20
Event: 9.538 Thread 0x000002736b24d350 DEOPT UNPACKING pc=0x0000027307596da3 sp=0x000000f0ee8fca90 mode 2
Event: 9.538 Thread 0x000002736b24d350 Uncommon trap: trap_request=0xffffff45 fr.pc=0x0000027307b21904 relative=0x00000000000004c4
Event: 9.538 Thread 0x000002736b24d350 Uncommon trap: reason=unstable_if action=reinterpret pc=0x0000027307b21904 method=java.lang.String.substring(II)Ljava/lang/String; @ 31 c2
Event: 9.538 Thread 0x000002736b24d350 DEOPT PACKING pc=0x0000027307b21904 sp=0x000000f0ee8fc8e0
Event: 9.538 Thread 0x000002736b24d350 DEOPT UNPACKING pc=0x0000027307596da3 sp=0x000000f0ee8fc8c8 mode 2
Event: 9.538 Thread 0x000002736b24d350 Uncommon trap: trap_request=0xffffff45 fr.pc=0x0000027307c94f00 relative=0x0000000000000440
Event: 9.538 Thread 0x000002736b24d350 Uncommon trap: reason=unstable_if action=reinterpret pc=0x0000027307c94f00 method=java.lang.String.substring(II)Ljava/lang/String; @ 31 c2
Event: 9.538 Thread 0x000002736b24d350 DEOPT PACKING pc=0x0000027307c94f00 sp=0x000000f0ee8fcc30
Event: 9.538 Thread 0x000002736b24d350 DEOPT UNPACKING pc=0x0000027307596da3 sp=0x000000f0ee8fcbd0 mode 2

Classes loaded (20 events):
Event: 9.618 Loading class org/junit/jupiter/api/extension/InvocationInterceptor
Event: 9.618 Loading class org/junit/jupiter/api/extension/InvocationInterceptor done
Event: 9.618 Loading class org/junit/jupiter/engine/execution/ExecutableInvoker$ReflectiveInterceptorCall
Event: 9.618 Loading class org/junit/jupiter/engine/execution/ExecutableInvoker$ReflectiveInterceptorCall done
Event: 9.625 Loading class org/junit/jupiter/engine/execution/InvocationInterceptorChain$ValidatingInvocation
Event: 9.625 Loading class org/junit/jupiter/engine/execution/InvocationInterceptorChain$ValidatingInvocation done
Event: 9.639 Loading class java/util/ArrayList$ListItr
Event: 9.641 Loading class java/util/ArrayList$ListItr done
Event: 9.642 Loading class org/junit/jupiter/engine/execution/InvocationInterceptorChain$InterceptedInvocation
Event: 9.642 Loading class org/junit/jupiter/engine/execution/InvocationInterceptorChain$InterceptedInvocation done
Event: 9.643 Loading class com/codeborne/selenide/Selenide
Event: 9.643 Loading class com/codeborne/selenide/Selenide done
Event: 9.670 Loading class com/codeborne/selenide/Credentials
Event: 9.670 Loading class com/codeborne/selenide/Credentials done
Event: 9.670 Loading class com/codeborne/selenide/WebDriverRunner
Event: 9.670 Loading class com/codeborne/selenide/WebDriverRunner done
Event: 9.680 Loading class com/codeborne/selenide/impl/WebDriverContainer
Event: 9.680 Loading class com/codeborne/selenide/impl/WebDriverContainer done
Event: 9.682 Loading class com/codeborne/selenide/SelenideDriver
Event: 9.682 Loading class com/codeborne/selenide/SelenideDriver done

Classes unloaded (0 events):
No events

Classes redefined (0 events):
No events

Internal exceptions (20 events):
Event: 8.164 Thread 0x000002736b24d350 Exception <a 'java/lang/NoSuchMethodError'{0x00000000ccc0d360}: 'java.lang.Object java.lang.invoke.DirectMethodHandle$Holder.invokeStatic(java.lang.Object, java.lang.Object, int)'> (0x00000000ccc0d360) 
thrown [s\open\src\hotspot\share\interpreter\linkResolver.cpp, line 774]
Event: 8.228 Thread 0x000002736b24d350 Exception <a 'java/lang/NoSuchMethodError'{0x00000000ccc9fb78}: 'void java.lang.invoke.DirectMethodHandle$Holder.invokeSpecial(java.lang.Object, java.lang.Object, java.lang.Object, java.lang.Object, java.lang.Object)'> (0x00000000ccc9fb78) 
thrown [s\open\src\hotspot\share\interpreter\linkResolver.cpp, line 774]
Event: 8.270 Thread 0x000002736b24d350 Exception <a 'java/lang/NoSuchMethodError'{0x00000000cccb0248}: 'void java.lang.invoke.DirectMethodHandle$Holder.invokeStatic(java.lang.Object, java.lang.Object, java.lang.Object, java.lang.Object)'> (0x00000000cccb0248) 
thrown [s\open\src\hotspot\share\interpreter\linkResolver.cpp, line 774]
Event: 8.394 Thread 0x000002736b24d350 Exception <a 'java/lang/NoSuchMethodError'{0x00000000cd753008}: 'void java.lang.invoke.DirectMethodHandle$Holder.invokeInterface(java.lang.Object, java.lang.Object, java.lang.Object, java.lang.Object)'> (0x00000000cd753008) 
thrown [s\open\src\hotspot\share\interpreter\linkResolver.cpp, line 774]
Event: 8.394 Thread 0x000002736b24d350 Exception <a 'java/lang/IncompatibleClassChangeError'{0x00000000cd756498}: Found class java.lang.Object, but interface was expected> (0x00000000cd756498) 
thrown [s\open\src\hotspot\share\interpreter\linkResolver.cpp, line 841]
Event: 8.401 Thread 0x000002736b24d350 Exception <a 'java/lang/NoSuchMethodError'{0x00000000cd7a5ec0}: 'java.lang.Object java.lang.invoke.DirectMethodHandle$Holder.invokeVirtual(java.lang.Object, java.lang.Object, java.lang.Object)'> (0x00000000cd7a5ec0) 
thrown [s\open\src\hotspot\share\interpreter\linkResolver.cpp, line 774]
Event: 8.404 Thread 0x000002736b24d350 Exception <a 'java/lang/NoSuchMethodError'{0x00000000cd7b8e50}: 'java.lang.Object java.lang.invoke.DirectMethodHandle$Holder.newInvokeSpecial(java.lang.Object, java.lang.Object, int)'> (0x00000000cd7b8e50) 
thrown [s\open\src\hotspot\share\interpreter\linkResolver.cpp, line 774]
Event: 8.495 Thread 0x000002736b24d350 Exception <a 'java/lang/NoSuchMethodError'{0x00000000cd7e6418}: 'java.lang.Object java.lang.invoke.DirectMethodHandle$Holder.invokeStaticInit(java.lang.Object)'> (0x00000000cd7e6418) 
thrown [s\open\src\hotspot\share\interpreter\linkResolver.cpp, line 774]
Event: 8.506 Thread 0x000002736b24d350 Exception <a 'java/lang/NoSuchMethodError'{0x00000000cd57f500}: 'int java.lang.invoke.DirectMethodHandle$Holder.invokeStatic(java.lang.Object, java.lang.Object, java.lang.Object, java.lang.Object)'> (0x00000000cd57f500) 
thrown [s\open\src\hotspot\share\interpreter\linkResolver.cpp, line 774]
Event: 8.506 Thread 0x000002736b24d350 Exception <a 'java/lang/NoSuchMethodError'{0x00000000cd582e40}: 'java.lang.Object java.lang.invoke.Invokers$Holder.invokeExact_MT(java.lang.Object, java.lang.Object, java.lang.Object, java.lang.Object, java.lang.Object, java.lang.Object)'> (0x00000000cd582e40) 
thrown [s\open\src\hotspot\share\interpreter\linkResolver.cpp, line 774]
Event: 8.509 Thread 0x000002736b24d350 Exception <a 'java/lang/NoSuchMethodError'{0x00000000cd593860}: 'int java.lang.invoke.DirectMethodHandle$Holder.invokeStatic(java.lang.Object, java.lang.Object, java.lang.Object, java.lang.Object, java.lang.Object)'> (0x00000000cd593860) 
thrown [s\open\src\hotspot\share\interpreter\linkResolver.cpp, line 774]
Event: 8.682 Thread 0x000002736b24d350 Exception <a 'java/lang/NoSuchMethodError'{0x00000000cd45bac0}: 'void java.lang.invoke.DirectMethodHandle$Holder.invokeStaticInit(java.lang.Object)'> (0x00000000cd45bac0) 
thrown [s\open\src\hotspot\share\interpreter\linkResolver.cpp, line 774]
Event: 8.969 Thread 0x000002736b24d350 Exception <a 'java/lang/NoSuchMethodError'{0x00000000cd1a3820}: 'int java.lang.invoke.DirectMethodHandle$Holder.invokeStaticInit(java.lang.Object, java.lang.Object)'> (0x00000000cd1a3820) 
thrown [s\open\src\hotspot\share\interpreter\linkResolver.cpp, line 774]
Event: 9.123 Thread 0x000002736b24d350 Exception <a 'java/lang/NoSuchMethodError'{0x00000000cce331c8}: 'java.lang.Object java.lang.invoke.DirectMethodHandle$Holder.invokeStaticInit(java.lang.Object, int, int, int, int)'> (0x00000000cce331c8) 
thrown [s\open\src\hotspot\share\interpreter\linkResolver.cpp, line 774]
Event: 9.539 Thread 0x000002736b24d350 Exception <a 'java/lang/NoSuchMethodError'{0x00000000ccd2e488}: 'java.lang.Object java.lang.invoke.DirectMethodHandle$Holder.invokeStaticInit(java.lang.Object, java.lang.Object, int, int, int, int)'> (0x00000000ccd2e488) 
thrown [s\open\src\hotspot\share\interpreter\linkResolver.cpp, line 774]
Event: 9.546 Thread 0x000002736b24d350 Exception <a 'java/lang/IncompatibleClassChangeError'{0x00000000ccd80528}: Found class java.lang.Object, but interface was expected> (0x00000000ccd80528) 
thrown [s\open\src\hotspot\share\interpreter\linkResolver.cpp, line 841]
Event: 9.548 Thread 0x000002736b24d350 Exception <a 'java/lang/IncompatibleClassChangeError'{0x00000000ccd89878}: Found class java.lang.Object, but interface was expected> (0x00000000ccd89878) 
thrown [s\open\src\hotspot\share\interpreter\linkResolver.cpp, line 841]
Event: 9.561 Thread 0x000002736b24d350 Exception <a 'java/lang/NoSuchMethodError'{0x00000000ccc13788}: 'java.lang.Object java.lang.invoke.DirectMethodHandle$Holder.newInvokeSpecial(java.lang.Object, java.lang.Object, java.lang.Object, java.lang.Object, java.lang.Object, java.lang.Object, java.lang.Object)'> (0x00000000ccc13788) 
thrown [s\open\src\hotspot\share\interpreter\linkResolver.cpp, line 774]
Event: 9.572 Thread 0x000002736b24d350 Exception <a 'java/lang/NoSuchMethodError'{0x00000000ccc1b750}: 'java.lang.Object java.lang.invoke.DirectMethodHandle$Holder.invokeInterface(java.lang.Object, java.lang.Object, java.lang.Object, java.lang.Object, java.lang.Object)'> (0x00000000ccc1b750) 
thrown [s\open\src\hotspot\share\interpreter\linkResolver.cpp, line 774]
Event: 9.575 Thread 0x000002736b24d350 Exception <a 'java/lang/IncompatibleClassChangeError'{0x00000000ccc1f8b0}: Found class java.lang.Object, but interface was expected> (0x00000000ccc1f8b0) 
thrown [s\open\src\hotspot\share\interpreter\linkResolver.cpp, line 841]

VM Operations (20 events):
Event: 7.552 Executing VM operation: G1PauseRemark done
Event: 7.562 Executing VM operation: G1PauseCleanup
Event: 7.568 Executing VM operation: G1PauseCleanup done
Event: 7.606 Executing VM operation: ChangeBreakpoints
Event: 7.607 Executing VM operation: ChangeBreakpoints done
Event: 7.608 Executing VM operation: ChangeBreakpoints
Event: 7.608 Executing VM operation: ChangeBreakpoints done
Event: 8.386 Executing VM operation: G1CollectForAllocation
Event: 8.390 Executing VM operation: G1CollectForAllocation done
Event: 8.409 Executing VM operation: G1CollectForAllocation
Event: 8.412 Executing VM operation: G1CollectForAllocation done
Event: 9.100 Executing VM operation: HandshakeAllThreads
Event: 9.100 Executing VM operation: HandshakeAllThreads done
Event: 9.163 Executing VM operation: HandshakeAllThreads
Event: 9.163 Executing VM operation: HandshakeAllThreads done
Event: 9.642 Executing VM operation: HandshakeAllThreads
Event: 9.642 Executing VM operation: HandshakeAllThreads done
Event: 9.642 Executing VM operation: Cleanup
Event: 9.642 Executing VM operation: Cleanup done
Event: 9.683 Executing VM operation: G1CollectForAllocation

Events (15 events):
Event: 0.107 Thread 0x000002736b24d350 Thread added: 0x000002736b24d350
Event: 0.175 Thread 0x0000027377573e60 Thread added: 0x0000027377573e60
Event: 0.175 Thread 0x0000027377574c50 Thread added: 0x0000027377574c50
Event: 0.177 Thread 0x0000027377579930 Thread added: 0x0000027377579930
Event: 0.177 Thread 0x000002737757b270 Thread added: 0x000002737757b270
Event: 0.177 Thread 0x000002737757bba0 Thread added: 0x000002737757bba0
Event: 0.178 Thread 0x000002737757c4d0 Thread added: 0x000002737757c4d0
Event: 0.178 Thread 0x000002737757d130 Thread added: 0x000002737757d130
Event: 0.187 Thread 0x000002737757fab0 Thread added: 0x000002737757fab0
Event: 0.193 Thread 0x00000273775ee540 Thread added: 0x00000273775ee540
Event: 1.617 Thread 0x000002737b96bb60 Thread added: 0x000002737b96bb60
Event: 1.676 Thread 0x000002737b9dd670 Thread added: 0x000002737b9dd670
Event: 1.676 Thread 0x000002737b9c1ad0 Thread added: 0x000002737b9c1ad0
Event: 1.684 Thread 0x000002737b9c2020 Thread added: 0x000002737b9c2020
Event: 2.479 Thread 0x000002737c0f6ae0 Thread added: 0x000002737c0f6ae0


Dynamic libraries:
0x00007ff792100000 - 0x00007ff79210e000 	C:\Users\Max\.jdks\openjdk-19\bin\java.exe
0x00007ff813d50000 - 0x00007ff813f48000 	C:\Windows\SYSTEM32\ntdll.dll
0x00007ff812e00000 - 0x00007ff812ebd000 	C:\Windows\System32\KERNEL32.DLL
0x00007ff8119c0000 - 0x00007ff811c92000 	C:\Windows\System32\KERNELBASE.dll
0x00007ff811630000 - 0x00007ff811730000 	C:\Windows\System32\ucrtbase.dll
0x00007ff807c80000 - 0x00007ff807c97000 	C:\Users\Max\.jdks\openjdk-19\bin\jli.dll
0x00007ff8129a0000 - 0x00007ff812b3d000 	C:\Windows\System32\USER32.dll
0x00007ff8115b0000 - 0x00007ff8115d2000 	C:\Windows\System32\win32u.dll
0x00007ff8120b0000 - 0x00007ff8120db000 	C:\Windows\System32\GDI32.dll
0x00007ff811ca0000 - 0x00007ff811daf000 	C:\Windows\System32\gdi32full.dll
0x00007ff811460000 - 0x00007ff8114fd000 	C:\Windows\System32\msvcp_win.dll
0x00007ff807c60000 - 0x00007ff807c7b000 	C:\Users\Max\.jdks\openjdk-19\bin\VCRUNTIME140.dll
0x00007ffff9e50000 - 0x00007ffffa0ea000 	C:\Windows\WinSxS\amd64_microsoft.windows.common-controls_6595b64144ccf1df_6.0.19041.1110_none_60b5254171f9507e\COMCTL32.dll
0x00007ff813b40000 - 0x00007ff813bde000 	C:\Windows\System32\msvcrt.dll
0x00007ff812020000 - 0x00007ff812050000 	C:\Windows\System32\IMM32.DLL
0x000000006c130000 - 0x000000006c13c000 	C:\Program Files (x86)\360\Total Security\safemon\SafeWrapper.dll
0x00007ff812880000 - 0x00007ff81292e000 	C:\Windows\System32\ADVAPI32.dll
0x00007ff812230000 - 0x00007ff8122cc000 	C:\Windows\System32\sechost.dll
0x00007ff8120e0000 - 0x00007ff812205000 	C:\Windows\System32\RPCRT4.dll
0x00007ffff75d0000 - 0x00007ffff7662000 	C:\Program Files (x86)\360\Total Security\safemon\libzdtp64.dll
0x00007ff813290000 - 0x00007ff8139d3000 	C:\Windows\System32\SHELL32.dll
0x00007ff812050000 - 0x00007ff8120a5000 	C:\Windows\System32\SHLWAPI.dll
0x00007ff810f10000 - 0x00007ff810f1a000 	C:\Windows\SYSTEM32\VERSION.dll
0x00007ff80b5a0000 - 0x00007ff80b5ac000 	C:\Users\Max\.jdks\openjdk-19\bin\vcruntime140_1.dll
0x00007ffff7540000 - 0x00007ffff75ce000 	C:\Users\Max\.jdks\openjdk-19\bin\msvcp140.dll
0x00007ffff3f70000 - 0x00007ffff4c30000 	C:\Users\Max\.jdks\openjdk-19\bin\server\jvm.dll
0x00007fffc4620000 - 0x00007fffc4629000 	C:\Windows\SYSTEM32\WSOCK32.dll
0x00007ff812930000 - 0x00007ff81299b000 	C:\Windows\System32\WS2_32.dll
0x00007ff8077c0000 - 0x00007ff8077e7000 	C:\Windows\SYSTEM32\WINMM.dll
0x00007ff80f270000 - 0x00007ff80f282000 	C:\Windows\SYSTEM32\kernel.appcore.dll
0x00007ff80ab40000 - 0x00007ff80ab4a000 	C:\Users\Max\.jdks\openjdk-19\bin\jimage.dll
0x00007fffff680000 - 0x00007fffff864000 	C:\Windows\SYSTEM32\DBGHELP.DLL
0x00007ffffee20000 - 0x00007ffffee4c000 	C:\Windows\SYSTEM32\dbgcore.DLL
0x00007ff811900000 - 0x00007ff811982000 	C:\Windows\System32\bcryptPrimitives.dll
0x00007ffff7500000 - 0x00007ffff753c000 	C:\Users\Max\.jdks\openjdk-19\bin\jdwp.dll
0x00007ff808af0000 - 0x00007ff808afe000 	C:\Users\Max\.jdks\openjdk-19\bin\instrument.dll
0x00007ffff7670000 - 0x00007ffff7696000 	C:\Users\Max\.jdks\openjdk-19\bin\java.dll
0x00007ff804920000 - 0x00007ff804938000 	C:\Users\Max\.jdks\openjdk-19\bin\zip.dll
0x00007ffff5840000 - 0x00007ffff5917000 	C:\Users\Max\.jdks\openjdk-19\bin\jsvml.dll
0x00007ff80f470000 - 0x00007ff80fc01000 	C:\Windows\SYSTEM32\windows.storage.dll
0x00007ff812ec0000 - 0x00007ff813214000 	C:\Windows\System32\combase.dll
0x00007ff810d70000 - 0x00007ff810da0000 	C:\Windows\SYSTEM32\Wldp.dll
0x00007ff8127d0000 - 0x00007ff81287d000 	C:\Windows\System32\SHCORE.dll
0x00007ff8113a0000 - 0x00007ff8113bf000 	C:\Windows\SYSTEM32\profapi.dll
0x00007ff807c30000 - 0x00007ff807c3c000 	C:\Users\Max\.jdks\openjdk-19\bin\dt_socket.dll
0x00007ff8107a0000 - 0x00007ff8107db000 	C:\Windows\SYSTEM32\IPHLPAPI.DLL
0x00007ff810ad0000 - 0x00007ff810b3a000 	C:\Windows\system32\mswsock.dll
0x00007ff800880000 - 0x00007ff800893000 	C:\Users\Max\.jdks\openjdk-19\bin\net.dll
0x00007ff808740000 - 0x00007ff80884d000 	C:\Windows\SYSTEM32\WINHTTP.dll
0x00007ffffeae0000 - 0x00007ffffeaf6000 	C:\Users\Max\.jdks\openjdk-19\bin\nio.dll
0x00007ff810cc0000 - 0x00007ff810cd8000 	C:\Windows\SYSTEM32\CRYPTSP.dll
0x00007ff8103c0000 - 0x00007ff8103f4000 	C:\Windows\system32\rsaenh.dll
0x00007ff811990000 - 0x00007ff8119b7000 	C:\Windows\System32\bcrypt.dll
0x00007ff811320000 - 0x00007ff81134e000 	C:\Windows\SYSTEM32\USERENV.dll
0x00007ff810ce0000 - 0x00007ff810cec000 	C:\Windows\SYSTEM32\CRYPTBASE.dll
0x00007ff813280000 - 0x00007ff813288000 	C:\Windows\System32\NSI.dll
0x00007ff805450000 - 0x00007ff805467000 	C:\Windows\SYSTEM32\dhcpcsvc6.DLL
0x00007ff807600000 - 0x00007ff80761d000 	C:\Windows\SYSTEM32\dhcpcsvc.DLL
0x00007ff8107e0000 - 0x00007ff8108aa000 	C:\Windows\SYSTEM32\DNSAPI.dll

dbghelp: loaded successfully - version: 4.0.5 - missing functions: none
symbol engine: initialized successfully - sym options: 0x614 - pdb path: .;C:\Users\Max\.jdks\openjdk-19\bin;C:\Windows\SYSTEM32;C:\Windows\WinSxS\amd64_microsoft.windows.common-controls_6595b64144ccf1df_6.0.19041.1110_none_60b5254171f9507e;C:\Program Files (x86)\360\Total Security\safemon;C:\Users\Max\.jdks\openjdk-19\bin\server

VM Arguments:
jvm_args: -agentlib:jdwp=transport=dt_socket,address=127.0.0.1:63126,suspend=y,server=n -ea -Dallure.results.directory=target/allure-results -javaagent:C:\Users\Max\.m2\repository/org/aspectj/aspectjweaver/1.9.9.1/aspectjweaver-1.9.9.1.jar -Didea.test.cyclic.buffer.size=1048576 -javaagent:C:\Users\Max\AppData\Local\JetBrains\IdeaIC2022.2\captureAgent\debugger-agent.jar=file:/C:/Users/Max/AppData/Local/Temp/capture.props -Dfile.encoding=UTF-8 -Dsun.stdout.encoding=UTF-8 -Dsun.stderr.encoding=UTF-8 
java_command: com.intellij.rt.junit.JUnitStarter -ideVersion5 -junit5 tests.autologin
java_class_path (initial): D:\java\IntelliJ IDEA Community Edition 2022.2.3\lib\idea_rt.jar;D:\java\IntelliJ IDEA Community Edition 2022.2.3\plugins\junit\lib\junit5-rt.jar;D:\java\IntelliJ IDEA Community Edition 2022.2.3\plugins\junit\lib\junit-rt.jar;D:\avtotestirovanie\myavtotest\target\test-classes;D:\avtotestirovanie\myavtotest\target\classes;C:\Users\Max\.m2\repository\org\junit\jupiter\junit-jupiter-engine\5.8.2\junit-jupiter-engine-5.8.2.jar;C:\Users\Max\.m2\repository\org\junit\platform\junit-platform-engine\1.8.2\junit-platform-engine-1.8.2.jar;C:\Users\Max\.m2\repository\org\opentest4j\opentest4j\1.2.0\opentest4j-1.2.0.jar;C:\Users\Max\.m2\repository\org\junit\platform\junit-platform-commons\1.8.2\junit-platform-commons-1.8.2.jar;C:\Users\Max\.m2\repository\org\junit\jupiter\junit-jupiter-api\5.8.2\junit-jupiter-api-5.8.2.jar;C:\Users\Max\.m2\repository\org\apiguardian\apiguardian-api\1.1.2\apiguardian-api-1.1.2.jar;C:\Users\Max\.m2\repository\io\qameta\allure\allure-selenide\2.13.1\allure-selenide-2.13.1.jar;C:\Users\Max\.m2\repository\io\qameta\allure\allure-java-commons\2.13.1\allure-java-commons-2.13.1.jar;C:\Users\Max\.m2\repository\io\qameta\allure\allure-model\2.13.1\allure-model-2.13.1.jar;C:\Users\Max\.m2\repository\org\apache\tika\tika-core\1.20\tika-core-1.20.jar;C:\Users\Max\.m2\repository\org\jooq\joor-java-8\0.9.10\joor-java-8-0.9.10.jar;C:\Users\Max\.m2\repository\com\codeborne\selenide\6.8.1\selenide-6.8.1.jar;C:\Users\Max\.m2\repository\org\seleniumhq\selenium\selenium-java\4.4.0\selenium-java-4.4.0.jar;C:\Users\Max\.m2\repository\org\seleniumhq\selenium\selenium-api\4.4.0\selenium-api-4.4.0.jar;C:\Users\Max\.m2\repository\org\seleniumhq\selenium\selenium-chrome-driver\4.4.0\selenium-chrome-driver-4.4.0.jar;C:\Users\Max\.m2\repository\com\google\auto\service\auto-service-annotations\1.0.1\auto-service-annotations-1.0.1.jar;C:\Users\Max\.m2\repository\com\google\auto\service\auto-service\1.0.1\auto-service-1.0.1.jar;C:\Users\Max\.m2\repository\com\google\auto\auto-common\1.2\auto-common-1.2.jar;C:\Users\Max\.m2\repository\org\seleniumhq\selenium\selenium-chromium-driver\4.4.0\selenium-chromium-driver-4.4.0.jar;C:\Users\Max\.m2\repository\org\seleniumhq\selenium\selenium-json\4.4.0\selenium-json-4.4.0.jar;C:\Users\Max\.m2\repository\org\seleniumhq\selenium\selenium-devtools-v102\4.4.0\selenium-devtools-v102-4.4.0.jar;C:\Users\Max\.m2\repository\org\seleniumhq\selenium\selenium-devtools-v103\4.4.0\selenium-devtools-v103-4.4.0.jar;C:\Users\Max\.m2\repository\org\seleniumhq\selenium\selenium-devtools-v104\4.4.0\selenium-devtools-v104-4.4.0.jar;C:\Users\Max\.m2\repository\org\seleniumhq\selenium\selenium-devtools-v85\4.4.0\selenium-devtools-v85-4.4.0.jar;C:\Users\Max\.m2\repository\org\seleniumhq\selenium\selenium-edge-driver\4.4.0\selenium-edge-driver-4.4.0.jar;C:\Users\Max\.m2\repository\org\seleniumhq\selenium\selenium-firefox-driver\4.4.0\selenium-firefox-driver-4.4.0.jar;C:\Users\Max\.m2\repository\org\seleniumhq\selenium\selenium-ie-driver\4.4.0\selenium-ie-driver-4.4.0.jar;C:\Users\Max\.m2\repository\org\seleniumhq\selenium\selenium-opera-driver\4.4.0\selenium-opera-driver-4.4.0.jar;C:\Users\Max\.m2\repository\org\seleniumhq\selenium\selenium-remote-driver\4.4.0\selenium-remote-driver-4.4.0.jar;C:\Users\Max\.m2\repository\com\beust\jcommander\1.82\jcommander-1.82.jar;C:\Users\Max\.m2\repository\io\netty\netty-buffer\4.1.78.Final\netty-buffer-4.1.78.Final.jar;C:\Users\Max\.m2\repository\io\netty\netty-codec-http\4.1.78.Final\netty-codec-http-4.1.78.Final.jar;C:\Users\Max\.m2\repository\io\netty\netty-codec\4.1.78.Final\netty-codec-4.1.78.Final.jar;C:\Users\Max\.m2\repository\io\netty\netty-handler\4.1.78.Final\netty-handler-4.1.78.Final.jar;C:\Users\Max\.m2\repository\io\netty\netty-common\4.1.78.Final\netty-common-4.1.78.Final.jar;C:\Users\Max\.m2\repository\io\netty\netty-transport-classes-epoll\4.1.78.Final\netty-transport-classes-epoll-4.1.78.Final.jar;C:\Users\Max\.m2\repository\io\netty\netty-transport-classes-kqueue\4.1.78.Final\netty-transport-classes-kqueue-4.1.78.Final.jar;C:\Users\Max\.m2\repository\io\netty\netty-transport-native-epoll\4.1.78.Final\netty-transport-native-epoll-4.1.78.Final.jar;C:\Users\Max\.m2\repository\io\netty\netty-transport-native-kqueue\4.1.78.Final\netty-transport-native-kqueue-4.1.78.Final.jar;C:\Users\Max\.m2\repository\io\netty\netty-transport-native-unix-common\4.1.78.Final\netty-transport-native-unix-common-4.1.78.Final.jar;C:\Users\Max\.m2\repository\io\netty\netty-transport\4.1.78.Final\netty-transport-4.1.78.Final.jar;C:\Users\Max\.m2\repository\io\netty\netty-resolver\4.1.78.Final\netty-resolver-4.1.78.Final.jar;C:\Users\Max\.m2\repository\io\opentelemetry\opentelemetry-api\1.16.0\opentelemetry-api-1.16.0.jar;C:\Users\Max\.m2\repository\io\opentelemetry\opentelemetry-context\1.16.0\opentelemetry-context-1.16.0.jar;C:\Users\Max\.m2\repository\io\opentelemetry\opentelemetry-exporter-logging\1.16.0\opentelemetry-exporter-logging-1.16.0.jar;C:\Users\Max\.m2\repository\io\opentelemetry\opentelemetry-sdk-metrics\1.16.0\opentelemetry-sdk-metrics-1.16.0.jar;C:\Users\Max\.m2\repository\io\opentelemetry\opentelemetry-sdk-logs\1.16.0-alpha\opentelemetry-sdk-logs-1.16.0-alpha.jar;C:\Users\Max\.m2\repository\io\opentelemetry\opentelemetry-sdk-common\1.16.0\opentelemetry-sdk-common-1.16.0.jar;C:\Users\Max\.m2\repository\io\opentelemetry\opentelemetry-sdk-extension-autoconfigure-spi\1.16.0\opentelemetry-sdk-extension-autoconfigure-spi-1.16.0.jar;C:\Users\Max\.m2\repository\io\opentelemetry\opentelemetry-sdk-extension-autoconfigure\1.16.0-alpha\opentelemetry-sdk-extension-autoconfigure-1.16.0-alpha.jar;C:\Users\Max\.m2\repository\io\opentelemetry\opentelemetry-sdk-trace\1.16.0\opentelemetry-sdk-trace-1.16.0.jar;C:\Users\Max\.m2\repository\io\opentelemetry\opentelemetry-sdk\1.16.0\opentelemetry-sdk-1.16.0.jar;C:\Users\Max\.m2\repository\io\opentelemetry\opentelemetry-semconv\1.16.0-alpha\opentelemetry-semconv-1.16.0-alpha.jar;C:\Users\Max\.m2\repository\io\ous\jtoml\2.0.0\jtoml-2.0.0.jar;C:\Users\Max\.m2\repository\net\bytebuddy\byte-buddy\1.12.10\byte-buddy-1.12.10.jar;C:\Users\Max\.m2\repository\org\asynchttpclient\async-http-client\2.12.3\async-http-client-2.12.3.jar;C:\Users\Max\.m2\repository\org\asynchttpclient\async-http-client-netty-utils\2.12.3\async-http-client-netty-utils-2.12.3.jar;C:\Users\Max\.m2\repository\io\netty\netty-codec-socks\4.1.60.Final\netty-codec-socks-4.1.60.Final.jar;C:\Users\Max\.m2\repository\io\netty\netty-handler-proxy\4.1.60.Final\netty-handler-proxy-4.1.60.Final.jar;C:\Users\Max\.m2\repository\io\netty\netty-transport-native-epoll\4.1.60.Final\netty-transport-native-epoll-4.1.60.Final-linux-x86_64.jar;C:\Users\Max\.m2\repository\io\netty\netty-transport-native-kqueue\4.1.60.Final\netty-transport-native-kqueue-4.1.60.Final-osx-x86_64.jar;C:\Users\Max\.m2\repository\org\reactivestreams\reactive-streams\1.0.3\reactive-streams-1.0.3.jar;C:\Users\Max\.m2\repository\com\typesafe\netty\netty-reactive-streams\2.0.4\netty-reactive-streams-2.0.4.jar;C:\Users\Max\.m2\repository\com\sun\activation\jakarta.activation\1.2.2\jakarta.activation-1.2.2.jar;C:\Users\Max\.m2\repository\org\seleniumhq\selenium\selenium-http\4.4.0\selenium-http-4.4.0.jar;C:\Users\Max\.m2\repository\dev\failsafe\failsafe\3.2.4\failsafe-3.2.4.jar;C:\Users\Max\.m2\repository\org\seleniumhq\selenium\selenium-safari-driver\4.4.0\selenium-safari-driver-4.4.0.jar;C:\Users\Max\.m2\repository\org\seleniumhq\selenium\selenium-support\4.4.0\selenium-support-4.4.0.jar;C:\Users\Max\.m2\repository\org\slf4j\slf4j-api\2.0.2\slf4j-api-2.0.2.jar;C:\Users\Max\.m2\repository\com\codeborne\selenide-core\6.8.1\selenide-core-6.8.1.jar;C:\Users\Max\.m2\repository\io\github\bonigarcia\webdrivermanager\5.3.0\webdrivermanager-5.3.0.jar;C:\Users\Max\.m2\repository\com\google\code\gson\gson\2.9.1\gson-2.9.1.jar;C:\Users\Max\.m2\repository\org\brotli\dec\0.1.2\dec-0.1.2.jar;C:\Users\Max\.m2\repository\org\apache\commons\commons-compress\1.21\commons-compress-1.21.jar;C:\Users\Max\.m2\repository\org\apache\httpcomponents\client5\httpclient5\5.1.3\httpclient5-5.1.3.jar;C:\Users\Max\.m2\repository\org\apache\httpcomponents\core5\httpcore5\5.1.3\httpcore5-5.1.3.jar;C:\Users\Max\.m2\repository\com\google\guava\guava\31.1-jre\guava-31.1-jre.jar;C:\Users\Max\.m2\repository\com\google\guava\failureaccess\1.0.1\failureaccess-1.0.1.jar;C:\Users\Max\.m2\repository\com\google\guava\listenablefuture\9999.0-empty-to-avoid-conflict-with-guava\listenablefuture-9999.0-empty-to-avoid-conflict-with-guava.jar;C:\Users\Max\.m2\repository\com\google\code\findbugs\jsr305\3.0.2\jsr305-3.0.2.jar;C:\Users\Max\.m2\repository\org\checkerframework\checker-qual\3.12.0\checker-qual-3.12.0.jar;C:\Users\Max\.m2\repository\com\google\errorprone\error_prone_annotations\2.11.0\error_prone_annotations-2.11.0.jar;C:\Users\Max\.m2\repository\com\google\j2objc\j2objc-annotations\1.3\j2objc-annotations-1.3.jar;C:\Users\Max\.m2\repository\org\apache\commons\commons-lang3\3.12.0\commons-lang3-3.12.0.jar;C:\Users\Max\.m2\repository\commons-io\commons-io\2.11.0\commons-io-2.11.0.jar;C:\Users\Max\.m2\repository\org\hamcrest\hamcrest-all\1.3\hamcrest-all-1.3.jar;C:\Users\Max\.m2\repository\io\qameta\allure\allure-junit5\2.13.1\allure-junit5-2.13.1.jar;C:\Users\Max\.m2\repository\io\qameta\allure\allure-junit-platform\2.13.1\allure-junit-platform-2.13.1.jar;C:\Users\Max\.m2\repository\org\junit\platform\junit-platform-launcher\1.5.2\junit-platform-launcher-1.5.2.jar;C:\Users\Max\.m2\repository\io\qameta\allure\allure-maven\2.11.2\allure-maven-2.11.2.jar;C:\Users\Max\.m2\repository\org\apache\httpcomponents\httpclient\4.5.13\httpclient-4.5.13.jar;C:\Users\Max\.m2\repository\org\apache\httpcomponents\httpcore\4.4.13\httpcore-4.4.13.jar;C:\Users\Max\.m2\repository\commons-logging\commons-logging\1.2\commons-logging-1.2.jar;C:\Users\Max\.m2\repository\commons-codec\commons-codec\1.11\commons-codec-1.11.jar;C:\Users\Max\.m2\repository\com\fasterxml\jackson\core\jackson-databind\2.13.0\jackson-databind-2.13.0.jar;C:\Users\Max\.m2\repository\com\fasterxml\jackson\core\jackson-annotations\2.13.0\jackson-annotations-2.13.0.jar;C:\Users\Max\.m2\repository\com\fasterxml\jackson\core\jackson-core\2.13.0\jackson-core-2.13.0.jar;C:\Users\Max\.m2\repository\org\apache\maven\maven-plugin-api\3.8.3\maven-plugin-api-3.8.3.jar;C:\Users\Max\.m2\repository\org\codehaus\plexus\plexus-utils\3.3.0\plexus-utils-3.3.0.jar;C:\Users\Max\.m2\repository\org\codehaus\plexus\plexus-classworlds\2.6.0\plexus-classworlds-2.6.0.jar;C:\Users\Max\.m2\repository\org\apache\maven\maven-core\3.8.3\maven-core-3.8.3.jar;C:\Users\Max\.m2\repository\org\apache\maven\maven-model\3.8.3\maven-model-3.8.3.jar;C:\Users\Max\.m2\repository\org\apache\maven\maven-settings\3.8.3\maven-settings-3.8.3.jar;C:\Users\Max\.m2\repository\org\apache\maven\maven-settings-builder\3.8.3\maven-settings-builder-3.8.3.jar;C:\Users\Max\.m2\repository\org\codehaus\plexus\plexus-sec-dispatcher\2.0\plexus-sec-dispatcher-2.0.jar;C:\Users\Max\.m2\repository\org\codehaus\plexus\plexus-cipher\2.0\plexus-cipher-2.0.jar;C:\Users\Max\.m2\repository\org\apache\maven\maven-builder-support\3.8.3\maven-builder-support-3.8.3.jar;C:\Users\Max\.m2\repository\org\apache\maven\maven-repository-metadata\3.8.3\maven-repository-metadata-3.8.3.jar;C:\Users\Max\.m2\repository\org\apache\maven\maven-artifact\3.8.3\maven-artifact-3.8.3.jar;C:\Users\Max\.m2\repository\org\apache\maven\maven-model-builder\3.8.3\maven-model-builder-3.8.3.jar;C:\Users\Max\.m2\repository\org\apache\maven\maven-resolver-provider\3.8.3\maven-resolver-provider-3.8.3.jar;C:\Users\Max\.m2\repository\org\apache\maven\resolver\maven-resolver-impl\1.6.3\maven-resolver-impl-1.6.3.jar;C:\Users\Max\.m2\repository\org\apache\maven\resolver\maven-resolver-api\1.6.3\maven-resolver-api-1.6.3.jar;C:\Users\Max\.m2\repository\org\apache\maven\resolver\maven-resolver-spi\1.6.3\maven-resolver-spi-1.6.3.jar;C:\Users\Max\.m2\repository\org\apache\maven\resolver\maven-resolver-util\1.6.3\maven-resolver-util-1.6.3.jar;C:\Users\Max\.m2\repository\org\apache\maven\shared\maven-shared-utils\3.3.4\maven-shared-utils-3.3.4.jar;C:\Users\Max\.m2\repository\org\eclipse\sisu\org.eclipse.sisu.plexus\0.3.5\org.eclipse.sisu.plexus-0.3.5.jar;C:\Users\Max\.m2\repository\javax\annotation\javax.annotation-api\1.2\javax.annotation-api-1.2.jar;C:\Users\Max\.m2\repository\org\eclipse\sisu\org.eclipse.sisu.inject\0.3.5\org.eclipse.sisu.inject-0.3.5.jar;C:\Users\Max\.m2\repository\com\google\inject\guice\4.2.2\guice-4.2.2-no_aop.jar;C:\Users\Max\.m2\repository\aopalliance\aopalliance\1.0\aopalliance-1.0.jar;C:\Users\Max\.m2\repository\javax\inject\javax.inject\1\javax.inject-1.jar;C:\Users\Max\.m2\repository\org\codehaus\plexus\plexus-interpolation\1.26\plexus-interpolation-1.26.jar;C:\Users\Max\.m2\repository\org\codehaus\plexus\plexus-component-annotations\2.1.0\plexus-component-annotations-2.1.0.jar;C:\Users\Max\.m2\repository\org\apache\maven\reporting\maven-reporting-impl\3.0.0\maven-reporting-impl-3.0.0.jar;C:\Users\Max\.m2\repository\org\apache\maven\reporting\maven-reporting-api\3.0\maven-reporting-api-3.0.jar;C:\Users\Max\.m2\repository\org\apache\maven\doxia\doxia-sink-api\1.7\doxia-sink-api-1.7.jar;C:\Users\Max\.m2\repository\org\apache\maven\doxia\doxia-logging-api\1.7\doxia-logging-api-1.7.jar;C:\Users\Max\.m2\repository\org\apache\maven\doxia\doxia-decoration-model\1.7.4\doxia-decoration-model-1.7.4.jar;C:\Users\Max\.m2\repository\org\apache\maven\doxia\doxia-core\1.7\doxia-core-1.7.jar;C:\Users\Max\.m2\repository\org\codehaus\plexus\plexus-container-default\1.0-alpha-30\plexus-container-default-1.0-alpha-30.jar;C:\Users\Max\.m2\repository\junit\junit\3.8.1\junit-3.8.1.jar;C:\Users\Max\.m2\repository\commons-lang\commons-lang\2.4\commons-lang-2.4.jar;C:\Users\Max\.m2\repository\xmlunit\xmlunit\1.5\xmlunit-1.5.jar;C:\Users\Max\.m2\repository\org\apache\maven\doxia\doxia-site-renderer\1.7.4\doxia-site-renderer-1.7.4.jar;C:\Users\Max\.m2\repository\org\apache\maven\doxia\doxia-skin-model\1.7.4\doxia-skin-model-1.7.4.jar;C:\Users\Max\.m2\repository\org\apache\maven\doxia\doxia-module-xhtml\1.7\doxia-module-xhtml-1.7.jar;C:\Users\Max\.m2\repository\org\codehaus\plexus\plexus-i18n\1.0-beta-7\plexus-i18n-1.0-beta-7.jar;C:\Users\Max\.m2\repository\org\codehaus\plexus\plexus-velocity\1.2\plexus-velocity-1.2.jar;C:\Users\Max\.m2\repository\org\apache\velocity\velocity\1.7\velocity-1.7.jar;C:\Users\Max\.m2\repository\org\apache\velocity\velocity-tools\2.0\velocity-tools-2.0.jar;C:\Users\Max\.m2\repository\commons-digester\commons-digester\1.8\commons-digester-1.8.jar;C:\Users\Max\.m2\repository\commons-chain\commons-chain\1.1\commons-chain-1.1.jar;C:\Users\Max\.m2\repository\commons-validator\commons-validator\1.3.1\commons-validator-1.3.1.jar;C:\Users\Max\.m2\repository\dom4j\dom4j\1.1\dom4j-1.1.jar;C:\Users\Max\.m2\repository\oro\oro\2.0.8\oro-2.0.8.jar;C:\Users\Max\.m2\repository\sslext\sslext\1.2-0\sslext-1.2-0.jar;C:\Users\Max\.m2\repository\org\apache\struts\struts-core\1.3.8\struts-core-1.3.8.jar;C:\Users\Max\.m2\repository\antlr\antlr\2.7.2\antlr-2.7.2.jar;C:\Users\Max\.m2\repository\org\apache\struts\struts-taglib\1.3.8\struts-taglib-1.3.8.jar;C:\Users\Max\.m2\repository\org\apache\struts\struts-tiles\1.3.8\struts-tiles-1.3.8.jar;C:\Users\Max\.m2\repository\org\apache\maven\shared\maven-artifact-transfer\0.13.1\maven-artifact-transfer-0.13.1.jar;C:\Users\Max\.m2\repository\org\apache\maven\shared\maven-common-artifact-filters\3.1.0\maven-common-artifact-filters-3.1.0.jar;C:\Users\Max\.m2\repository\org\sonatype\sisu\sisu-inject-plexus\1.4.2\sisu-inject-plexus-1.4.2.jar;C:\Users\Max\.m2\repository\org\sonatype\sisu\sisu-inject-bean\1.4.2\sisu-inject-bean-1.4.2.jar;C:\Users\Max\.m2\repository\org\sonatype\sisu\sisu-guice\2.1.7\sisu-guice-2.1.7-noaop.jar;C:\Users\Max\.m2\repository\commons-beanutils\commons-beanutils\1.9.4\commons-beanutils-1.9.4.jar;C:\Users\Max\.m2\repository\commons-collections\commons-collections\3.2.2\commons-collections-3.2.2.jar;C:\Users\Max\.m2\repository\net\lingala\zip4j\zip4j\1.3.2\zip4j-1.3.2.jar;C:\Users\Max\.m2\repository\org\apache\commons\commons-exec\1.3\commons-exec-1.3.jar;C:\Users\Max\.m2\repository\org\apache\maven\plugin-tools\maven-plugin-annotations\3.6.1\maven-plugin-annotations-3.6.1.jar;C:\Users\Max\.m2\repository\org\apache\maven\plugins\maven-jxr-plugin\3.1.1\maven-jxr-plugin-3.1.1.jar;C:\Users\Max\.m2\repository\org\apache\maven\maven-jxr\3.1.1\maven-jxr-3.1.1.jar;C:\Users\Max\.m2\repository\org\apache\velocity\velocity-engine-core\2.0\velocity-engine-core-2.0.jar;C:\Users\Max\.m2\repository\org\apache\maven\wagon\wagon-provider-api\2.4\wagon-provider-api-2.4.jar;C:\Users\Max\.m2\repository\org\codehaus\plexus\plexus-java\1.0.6\plexus-java-1.0.6.jar;C:\Users\Max\.m2\repository\org\ow2\asm\asm\9.0\asm-9.0.jar;C:\Users\Max\.m2\repository\com\thoughtworks\qdox\qdox\2.0.0\qdox-2.0.0.jar
Launcher Type: SUN_STANDARD

[Global flags]
     intx CICompilerCount                          = 3                                         {product} {ergonomic}
     uint ConcGCThreads                            = 1                                         {product} {ergonomic}
     uint G1ConcRefinementThreads                  = 4                                         {product} {ergonomic}
   size_t G1HeapRegionSize                         = 1048576                                   {product} {ergonomic}
    uintx GCDrainStackTargetSize                   = 64                                        {product} {ergonomic}
   size_t InitialHeapSize                          = 56623104                                  {product} {ergonomic}
   size_t MarkStackSize                            = 4194304                                   {product} {ergonomic}
   size_t MaxHeapSize                              = 903872512                                 {product} {ergonomic}
   size_t MaxNewSize                               = 542113792                                 {product} {ergonomic}
   size_t MinHeapDeltaBytes                        = 1048576                                   {product} {ergonomic}
   size_t MinHeapSize                              = 8388608                                   {product} {ergonomic}
    uintx NonNMethodCodeHeapSize                   = 5832780                                {pd product} {ergonomic}
    uintx NonProfiledCodeHeapSize                  = 122912730                              {pd product} {ergonomic}
    uintx ProfiledCodeHeapSize                     = 122912730                              {pd product} {ergonomic}
    uintx ReservedCodeCacheSize                    = 251658240                              {pd product} {ergonomic}
     bool SegmentedCodeCache                       = true                                      {product} {ergonomic}
   size_t SoftMaxHeapSize                          = 903872512                              {manageable} {ergonomic}
     bool UseCompressedClassPointers               = true                           {product lp64_product} {ergonomic}
     bool UseCompressedOops                        = true                           {product lp64_product} {ergonomic}
     bool UseG1GC                                  = true                                      {product} {ergonomic}
     bool UseLargePagesIndividualAllocation        = false                                  {pd product} {ergonomic}

Logging:
Log output configuration:
 #0: stdout all=warning uptime,level,tags foldmultilines=false
 #1: stderr all=off uptime,level,tags foldmultilines=false

Environment Variables:
PATH=C:\Windows\system32;C:\Windows;C:\Windows\System32\Wbem;C:\Windows\System32\WindowsPowerShell\v1.0\;C:\Windows\System32\OpenSSH\;C:\Program Files\Microsoft SQL Server\150\Tools\Binn\;C:\Program Files\Microsoft SQL Server\Client SDK\ODBC\170\Tools\Binn\;C:\Program Files\dotnet\;C:\Program Files\Git\cmd;C:\Program Files\Docker\Docker\resources\bin;C:\ProgramData\DockerDesktop\version-bin;C:\Users\Max\AppData\Local\Microsoft\WindowsApps;C:\Users\Max\.dotnet\tools
USERNAME=Max
OS=Windows_NT
PROCESSOR_IDENTIFIER=AMD64 Family 23 Model 96 Stepping 1, AuthenticAMD
TMP=C:\Users\Max\AppData\Local\Temp
TEMP=C:\Users\Max\AppData\Local\Temp



---------------  S Y S T E M  ---------------

OS:
 Windows 10 , 64 bit Build 19041 (10.0.19041.1889)
OS uptime: 0 days 3:26 hours
Hyper-V role detected

CPU: total 4 (initial active 4) (4 cores per cpu, 1 threads per core) family 23 model 96 stepping 1 microcode 0x0, cx8, cmov, fxsr, mmx, 3dnowpref, sse, sse2, sse3, ssse3, sse4a, sse4.1, sse4.2, popcnt, lzcnt, tsc, tscinvbit, avx, avx2, aes, clmul, bmi1, bmi2, adx, sha, fma, vzeroupper, clflush, clflushopt, hv, rdtscp, rdpid

Memory: 4k page, system-wide physical 3447M (218M free)
TotalPageFile size 13372M (AvailPageFile size 11M)
current process WorkingSet (physical memory assigned to process): 160M, peak: 164M
current process commit charge ("private bytes"): 196M, peak: 223M

vm_info: OpenJDK 64-Bit Server VM (19+36-2238) for windows-amd64 JRE (19+36-2238), built on 2022-08-12T20:29:01Z by "mach5one" with MS VC++ 17.1 (VS2022)

END.
